<?xml version="1.0" encoding="UTF-8"?>
<!-- Generated by org.testng.reporters.JUnitXMLReporter -->
<testsuite ignored="0" hostname="Ayushi" failures="0" tests="7" name="Test" time="83.755" errors="0" timestamp="2025-04-21T15:55:22 PDT">
  <testcase classname="TestCases.TC001_AccountregistrationTest" name="verify_account_registration" time="2.258"/>
  <testcase classname="TestCases.TC002_LoginTest" name="verify_login" time="1.647"/>
  <testcase classname="TestCases.TC003_LoginDDT" name="verify_LoginDDT" time="2.126"/>
  <testcase classname="TestCases.TC003_LoginDDT" name="verify_LoginDDT" time="20.624"/>
  <testcase classname="TestCases.TC003_LoginDDT" name="verify_LoginDDT" time="21.606"/>
  <testcase classname="TestCases.TC003_LoginDDT" name="verify_LoginDDT" time="21.55"/>
  <testcase classname="TestCases.TC003_LoginDDT" name="verify_LoginDDT" time="2.521"/>
</testsuite> <!-- Test -->
