<?xml version="1.0" encoding="UTF-8"?>
<testng-results ignored="0" total="2" passed="2" failed="0" skipped="0">
  <reporter-output>
  </reporter-output>
  <suite started-at="2025-04-21T18:14:52 PDT" name="Master Suite" finished-at="2025-04-21T18:15:04 PDT" duration-ms="11915">
    <groups>
      <group name="Master">
        <method signature="TC001_AccountregistrationTest.verify_account_registration()[pri:0, instance:TestCases.TC001_AccountregistrationTest@b978d10]" name="verify_account_registration" class="TestCases.TC001_AccountregistrationTest"/>
        <method signature="TC002_LoginTest.verify_login()[pri:0, instance:TestCases.TC002_LoginTest@147a5d08]" name="verify_login" class="TestCases.TC002_LoginTest"/>
      </group> <!-- Master -->
      <group name="Sanity">
        <method signature="TC002_LoginTest.verify_login()[pri:0, instance:TestCases.TC002_LoginTest@147a5d08]" name="verify_login" class="TestCases.TC002_LoginTest"/>
      </group> <!-- Sanity -->
      <group name="Regression">
        <method signature="TC001_AccountregistrationTest.verify_account_registration()[pri:0, instance:TestCases.TC001_AccountregistrationTest@b978d10]" name="verify_account_registration" class="TestCases.TC001_AccountregistrationTest"/>
      </group> <!-- Regression -->
    </groups>
    <test started-at="2025-04-21T18:14:52 PDT" name="Test" finished-at="2025-04-21T18:15:04 PDT" duration-ms="11915">
      <class name="TestCases.TC002_LoginTest">
        <test-method is-config="true" signature="setup(java.lang.String,java.lang.String)[pri:0, instance:TestCases.TC002_LoginTest@147a5d08]" started-at="2025-04-21T18:14:59 PDT" name="setup" finished-at="2025-04-21T18:15:02 PDT" duration-ms="3263" status="PASS">
          <params>
            <param index="0">
              <value>
                <![CDATA[Windows]]>
              </value>
            </param>
            <param index="1">
              <value>
                <![CDATA[chrome]]>
              </value>
            </param>
          </params>
          <reporter-output>
          </reporter-output>
        </test-method> <!-- setup -->
        <test-method signature="verify_login()[pri:0, instance:TestCases.TC002_LoginTest@147a5d08]" started-at="2025-04-21T18:15:02 PDT" name="verify_login" finished-at="2025-04-21T18:15:04 PDT" duration-ms="1759" status="PASS">
          <reporter-output>
          </reporter-output>
        </test-method> <!-- verify_login -->
        <test-method is-config="true" signature="teardown()[pri:0, instance:TestCases.TC002_LoginTest@147a5d08]" started-at="2025-04-21T18:15:04 PDT" name="teardown" finished-at="2025-04-21T18:15:04 PDT" duration-ms="200" status="PASS">
          <reporter-output>
          </reporter-output>
        </test-method> <!-- teardown -->
      </class> <!-- TestCases.TC002_LoginTest -->
      <class name="TestCases.TC001_AccountregistrationTest">
        <test-method is-config="true" signature="setup(java.lang.String,java.lang.String)[pri:0, instance:TestCases.TC001_AccountregistrationTest@b978d10]" started-at="2025-04-21T18:14:52 PDT" name="setup" finished-at="2025-04-21T18:14:56 PDT" duration-ms="3805" status="PASS">
          <params>
            <param index="0">
              <value>
                <![CDATA[Windows]]>
              </value>
            </param>
            <param index="1">
              <value>
                <![CDATA[chrome]]>
              </value>
            </param>
          </params>
          <reporter-output>
          </reporter-output>
        </test-method> <!-- setup -->
        <test-method signature="verify_account_registration()[pri:0, instance:TestCases.TC001_AccountregistrationTest@b978d10]" started-at="2025-04-21T18:14:56 PDT" name="verify_account_registration" finished-at="2025-04-21T18:14:58 PDT" duration-ms="2472" status="PASS">
          <reporter-output>
          </reporter-output>
        </test-method> <!-- verify_account_registration -->
        <test-method is-config="true" signature="teardown()[pri:0, instance:TestCases.TC001_AccountregistrationTest@b978d10]" started-at="2025-04-21T18:14:58 PDT" name="teardown" finished-at="2025-04-21T18:14:59 PDT" duration-ms="180" status="PASS">
          <reporter-output>
          </reporter-output>
        </test-method> <!-- teardown -->
      </class> <!-- TestCases.TC001_AccountregistrationTest -->
    </test> <!-- Test -->
  </suite> <!-- Master Suite -->
</testng-results>
