<?xml version="1.0" encoding="UTF-8"?>
<!-- Generated by org.testng.reporters.JUnitXMLReporter -->
<testsuite ignored="0" hostname="Ayushi" failures="0" tests="5" name="Test" time="75.287" errors="0" timestamp="2025-04-17T20:02:45 PDT">
  <testcase classname="TestCases.TC003_LoginDDT" name="verify_LoginDDT" time="2.404"/>
  <testcase classname="TestCases.TC003_LoginDDT" name="verify_LoginDDT" time="20.707"/>
  <testcase classname="TestCases.TC003_LoginDDT" name="verify_LoginDDT" time="21.113"/>
  <testcase classname="TestCases.TC003_LoginDDT" name="verify_LoginDDT" time="21.743"/>
  <testcase classname="TestCases.TC003_LoginDDT" name="verify_LoginDDT" time="2.75"/>
</testsuite> <!-- Test -->
